#
# A fatal error has been detected by the Java Runtime Environment:
#
#  EXCEPTION_ACCESS_VIOLATION (0xc0000005) at pc=0x00007ffeaad76709, pid=5472, tid=1760
#
# JRE version: OpenJDK Runtime Environment Temurin-21.0.8+9 (21.0.8+9) (build 21.0.8+9-LTS)
# Java VM: OpenJDK 64-Bit Server VM Temurin-21.0.8+9 (21.0.8+9-LTS, mixed mode, sharing, tiered, compressed oops, compressed class ptrs, parallel gc, windows-amd64)
# Problematic frame:
# V  [jvm.dll+0x386709]
#
# No core dump will be written. Minidumps are not enabled by default on client versions of Windows
#
# If you would like to submit a bug report, please visit:
#   https://github.com/adoptium/adoptium-support/issues
#

---------------  S U M M A R Y ------------

Command Line: --add-modules=ALL-SYSTEM --add-opens=java.base/java.util=ALL-UNNAMED --add-opens=java.base/java.lang=ALL-UNNAMED --add-opens=java.base/sun.nio.fs=ALL-UNNAMED -Declipse.application=org.eclipse.jdt.ls.core.id1 -Dosgi.bundles.defaultStartLevel=4 -Declipse.product=org.eclipse.jdt.ls.core.product -Djava.import.generatesMetadataFilesAtProjectRoot=false -DDetectVMInstallationsJob.disabled=true -Dfile.encoding=utf8 -XX:+UseParallelGC -XX:GCTimeRatio=4 -XX:AdaptiveSizePolicyWeight=90 -Dsun.zip.disableMemoryMapping=true -Xmx2G -Xms100m -Xlog:disable -javaagent:c:\Users\User\.cursor\extensions\redhat.java-1.45.0-win32-x64\lombok\lombok-1.18.39-4050.jar -XX:+HeapDumpOnOutOfMemoryError -XX:HeapDumpPath=c:\Users\User\AppData\Roaming\Cursor\User\workspaceStorage\943df05daec78a9101ec016d72564860\redhat.java -Daether.dependencyCollector.impl=bf c:\Users\User\.cursor\extensions\redhat.java-1.45.0-win32-x64\server\plugins\org.eclipse.equinox.launcher_1.7.0.v20250519-0528.jar -configuration c:\Users\User\AppData\Roaming\Cursor\User\globalStorage\redhat.java\1.45.0\config_win -data c:\Users\User\AppData\Roaming\Cursor\User\workspaceStorage\943df05daec78a9101ec016d72564860\redhat.java\jdt_ws --pipe=\\.\pipe\lsp-a1fb85e961d60baa1b0eab1f32abcc8b-sock

Host: AMD Ryzen 7 7700X 8-Core Processor             , 16 cores, 31G,  Windows 10 , 64 bit Build 19041 (10.0.19041.5915)
Time: Fri Sep 12 20:37:36 2025 Central Daylight Time elapsed time: 27.256644 seconds (0d 0h 0m 27s)

---------------  T H R E A D  ---------------

Current thread (0x0000022d7893e3a0):  JavaThread "C2 CompilerThread1" daemon [_thread_in_native, id=1760, stack(0x0000008087b00000,0x0000008087c00000) (1024K)]


Current CompileTask:
C2:27256 10346  s!   4       org.eclipse.jdt.internal.core.index.DiskIndex::readCategoryTable (743 bytes)

Stack: [0x0000008087b00000,0x0000008087c00000],  sp=0x0000008087bfcb90,  free space=1010k
Native frames: (J=compiled Java code, j=interpreted, Vv=VM code, C=native code)
V  [jvm.dll+0x386709]
V  [jvm.dll+0x3877e6]
V  [jvm.dll+0x38511a]
V  [jvm.dll+0x38477a]
V  [jvm.dll+0x248ed0]
V  [jvm.dll+0x2484af]
V  [jvm.dll+0x1c89ee]
V  [jvm.dll+0x257d4d]
V  [jvm.dll+0x2562ea]
V  [jvm.dll+0x3f2d16]
V  [jvm.dll+0x857e6b]
V  [jvm.dll+0x6d0b0d]
C  [ucrtbase.dll+0x21bb2]
C  [KERNEL32.DLL+0x17374]
C  [ntdll.dll+0x4cc91]


siginfo: EXCEPTION_ACCESS_VIOLATION (0xc0000005), reading address 0x0000022d82574d18


Registers:
RAX=0x0000022d76c299a8, RBX=0x0000022d7a574d18, RCX=0x0000022d7acd3e40, RDX=0x000000000000155c
RSP=0x0000008087bfcb90, RBP=0x00000000000000bd, RSI=0x0000000000000000, RDI=0x0000000001000000
R8 =0x0000008087bfccd8, R9 =0x0000022d77560dc0, R10=0x0000022d77560da0, R11=0x0000000000000003
R12=0x0000022d7561f800, R13=0x0000008087bfd100, R14=0x0000022d7a574ae0, R15=0x0000008087bfcbf0
RIP=0x00007ffeaad76709, EFLAGS=0x0000000000010206

XMM[0]=0x0000000000000000 0x0000000000000000
XMM[1]=0x0000022d7a575378 0x0000022d77d61c48
XMM[2]=0x0000022d7a5752b8 0x0000022d7a575428
XMM[3]=0x0000000000000000 0x0000000000000000
XMM[4]=0x0000000000000000 0x0000000000000000
XMM[5]=0x0000022d79860a28 0x0000022d798603e8
XMM[6]=0x0000000000000000 0x0000000000000000
XMM[7]=0x0000000000000000 0x0000000000000000
XMM[8]=0x0000000000000000 0x0000000000000000
XMM[9]=0x0000000000000000 0x0000000000000000
XMM[10]=0x0000000000000000 0x0000000000000000
XMM[11]=0x0000000000000000 0x0000000000000000
XMM[12]=0x0000000000000000 0x0000000000000000
XMM[13]=0x0000000000000000 0x0000000000000000
XMM[14]=0x0000000000000000 0x0000000000000000
XMM[15]=0x0000000000000000 0x0000000000000000
  MXCSR=0x00001fa0


Register to memory mapping:

RAX=0x0000022d76c299a8 points into unknown readable memory: 0x00007ffeab3e0a58 | 58 0a 3e ab fe 7f 00 00
RBX=0x0000022d7a574d18 points into unknown readable memory: 0x0000022d7a574648 | 48 46 57 7a 2d 02 00 00
RCX=0x0000022d7acd3e40 points into unknown readable memory: 0x0000022d77146310 | 10 63 14 77 2d 02 00 00
RDX=0x000000000000155c is an unknown value
RSP=0x0000008087bfcb90 is pointing into the stack for thread: 0x0000022d7893e3a0
RBP=0x00000000000000bd is an unknown value
RSI=0x0 is null
RDI=0x0000000001000000 is an unknown value
R8 =0x0000008087bfccd8 is pointing into the stack for thread: 0x0000022d7893e3a0
R9 =0x0000022d77560dc0 points into unknown readable memory: 0x0000022d7a575990 | 90 59 57 7a 2d 02 00 00
R10=0x0000022d77560da0 points into unknown readable memory: 0x0000022d77d61c48 | 48 1c d6 77 2d 02 00 00
R11=0x0000000000000003 is an unknown value
R12=0x0000022d7561f800 points into unknown readable memory: 0x0000022d7a314b48 | 48 4b 31 7a 2d 02 00 00
R13=0x0000008087bfd100 is pointing into the stack for thread: 0x0000022d7893e3a0
R14=0x0000022d7a574ae0 points into unknown readable memory: 0x00007ffeab46bb98 | 98 bb 46 ab fe 7f 00 00
R15=0x0000008087bfcbf0 is pointing into the stack for thread: 0x0000022d7893e3a0

Top of Stack: (sp=0x0000008087bfcb90)
0x0000008087bfcb90:   0000022d7a575990 0000008087bfd100
0x0000008087bfcba0:   0000022d7acd3e40 0000022d7a575990
0x0000008087bfcbb0:   0000022d7a575990 0000000000000000
0x0000008087bfcbc0:   0000022d7acd3e40 00007ffeaad777e6
0x0000008087bfcbd0:   0000022d77d61cb8 0000022d7a575cd0
0x0000008087bfcbe0:   0000022d76c299a8 0000022d7a575c01
0x0000008087bfcbf0:   0000008087bfccd8 0000008087bfccb8
0x0000008087bfcc00:   0000008087bfd100 0000022d77c7c210
0x0000008087bfcc10:   0000000000000000 0000022d76e8c468
0x0000008087bfcc20:   0000008087bfd100 00000000000018a5
0x0000008087bfcc30:   0000008087bfcd40 00007ffeaad7511a
0x0000008087bfcc40:   0000022d76e88d10 0000022d77c7c210
0x0000008087bfcc50:   0000022d781cee20 0000022d77c7c210
0x0000008087bfcc60:   00000001144b0000 0000022d02000002
0x0000008087bfcc70:   0000000000000ffe 0000000000000000
0x0000008087bfcc80:   00000000000003a8 00000000000003a8
0x0000008087bfcc90:   0000000300000000 00000000d300fd2e
0x0000008087bfcca0:   0000000000000101 0000022d7c642000
0x0000008087bfccb0:   0000000000000ffe 0000022d781c7860
0x0000008087bfccc0:   0000022d781cea20 0000022d781c7360
0x0000008087bfccd0:   0000022d77c7c210 00007fff00000100
0x0000008087bfcce0:   0000022d781c6f60 0000000000000100
0x0000008087bfccf0:   0000022d77c7c210 0000022d76e84480
0x0000008087bfcd00:   00000000001283a8 00007fff4439b44d
0x0000008087bfcd10:   0000000000000048 0000022d00000001
0x0000008087bfcd20:   0000000000000000 0000000000000000
0x0000008087bfcd30:   0000000000000000 00007ffeaad780ea
0x0000008087bfcd40:   0000000000000000 0000000000000000
0x0000008087bfcd50:   0000022d76d586c0 00007ffeaad740cf
0x0000008087bfcd60:   3feffff9a0006c60 0000000000000000
0x0000008087bfcd70:   0000000000000004 0000022d75a310a8
0x0000008087bfcd80:   0000022d75a2e2b8 00007ffeaad74244 

Instructions: (pc=0x00007ffeaad76709)
0x00007ffeaad76609:   8b 5c 24 40 48 8b 6c 24 48 48 8b 74 24 50 48 83
0x00007ffeaad76619:   c4 20 41 5f 41 5e 5f e9 0b 17 00 00 cc cc cc cc
0x00007ffeaad76629:   cc cc cc cc cc cc cc 41 57 48 83 ec 30 48 8b 51
0x00007ffeaad76639:   08 4c 8b f9 4c 8b 02 49 8b c0 48 2b 42 10 48 83
0x00007ffeaad76649:   c0 10 48 c1 e8 04 85 c0 75 09 33 c0 48 83 c4 30
0x00007ffeaad76659:   41 5f c3 48 89 5c 24 40 49 8d 40 f0 48 89 6c 24
0x00007ffeaad76669:   48 48 89 74 24 50 48 89 7c 24 58 4c 89 64 24 28
0x00007ffeaad76679:   4d 8b 20 4c 89 74 24 20 4d 8b f4 49 83 e6 fe 41
0x00007ffeaad76689:   80 e4 01 41 8b 7e 20 41 39 78 08 41 0f 42 78 08
0x00007ffeaad76699:   48 89 02 0f 1f 40 00 41 8b 76 28 8b de 49 8b 2f
0x00007ffeaad766a9:   c1 eb 05 3b 5d 00 72 0a 8b d3 48 8b cd e8 35 0a
0x00007ffeaad766b9:   51 00 48 8b 45 08 83 e6 1f 48 8d 14 98 8b 04 98
0x00007ffeaad766c9:   0f ab f0 89 02 41 8b 46 2c 24 0f 3c 08 75 09 49
0x00007ffeaad766d9:   8b 46 08 48 8b 08 eb 03 49 8b ce 49 8b 47 10 33
0x00007ffeaad766e9:   f6 8b 51 28 48 8b 48 78 48 8b 04 d1 8b 68 68 85
0x00007ffeaad766f9:   ff 0f 84 b2 00 00 00 49 8b 5e 10 ff cf 4d 8b 07
0x00007ffeaad76709:   48 8b 1c fb 8b 4b 28 8b c1 c1 e8 05 41 3b 00 73
0x00007ffeaad76719:   11 8b d0 83 e1 1f 49 8b 40 08 8b 04 90 0f a3 c8
0x00007ffeaad76729:   72 47 8b 43 2c 24 0f 3c 08 75 09 48 8b 43 08 4c
0x00007ffeaad76739:   8b 00 eb 03 4c 8b c3 49 8b 47 10 41 8b 50 28 48
0x00007ffeaad76749:   8b 48 78 48 8b 04 d1 39 68 68 72 1d 75 0b 41 8b
0x00007ffeaad76759:   40 2c 83 e0 0f 3c 0c 74 10 48 8b cb 48 8b f3 e8
0x00007ffeaad76769:   73 7f 32 00 41 3a c4 74 04 85 ff 75 8a 48 85 f6
0x00007ffeaad76779:   74 37 49 8b 5f 08 48 83 03 10 48 8b 03 48 3b 43
0x00007ffeaad76789:   08 72 08 48 8b cb e8 dc 6f 32 00 48 8b 0b 41 0f
0x00007ffeaad76799:   b6 c4 49 0b c6 4c 8b f6 45 32 e4 48 89 01 89 79
0x00007ffeaad767a9:   08 8b 7e 20 e9 ee fe ff ff 45 84 e4 75 0c 41 8b
0x00007ffeaad767b9:   7e 20 41 b4 01 e9 dd fe ff ff 4c 8b 64 24 28 49
0x00007ffeaad767c9:   8b c6 4c 8b 74 24 20 48 8b 7c 24 58 48 8b 74 24
0x00007ffeaad767d9:   50 48 8b 6c 24 48 48 8b 5c 24 40 48 83 c4 30 41
0x00007ffeaad767e9:   5f c3 cc cc cc cc cc 48 89 5c 24 08 48 89 74 24
0x00007ffeaad767f9:   10 48 89 7c 24 18 41 56 48 83 ec 20 8b 59 28 48 


Stack slot to memory mapping:

stack at sp + 0 slots: 0x0000022d7a575990 points into unknown readable memory: 0x00007ffeab46bb98 | 98 bb 46 ab fe 7f 00 00
stack at sp + 1 slots: 0x0000008087bfd100 is pointing into the stack for thread: 0x0000022d7893e3a0
stack at sp + 2 slots: 0x0000022d7acd3e40 points into unknown readable memory: 0x0000022d77146310 | 10 63 14 77 2d 02 00 00
stack at sp + 3 slots: 0x0000022d7a575990 points into unknown readable memory: 0x00007ffeab46bb98 | 98 bb 46 ab fe 7f 00 00
stack at sp + 4 slots: 0x0000022d7a575990 points into unknown readable memory: 0x00007ffeab46bb98 | 98 bb 46 ab fe 7f 00 00
stack at sp + 5 slots: 0x0 is null
stack at sp + 6 slots: 0x0000022d7acd3e40 points into unknown readable memory: 0x0000022d77146310 | 10 63 14 77 2d 02 00 00
stack at sp + 7 slots: 0x00007ffeaad777e6 jvm.dll


---------------  P R O C E S S  ---------------

Threads class SMR info:
_java_thread_list=0x0000022d7ab73290, length=66, elements={
0x0000022d144f0bc0, 0x0000022d167fe250, 0x0000022d168f1b80, 0x0000022d168f5610,
0x0000022d168f9340, 0x0000022d16903020, 0x0000022d16902300, 0x0000022d1690a170,
0x0000022d1690a8c0, 0x0000022d16902990, 0x0000022d16903d40, 0x0000022d75623550,
0x0000022d756276f0, 0x0000022d75622ec0, 0x0000022d75624f90, 0x0000022d75628aa0,
0x0000022d75621b10, 0x0000022d6f6ea1c0, 0x0000022d6f6e3f50, 0x0000022d6f6e5300,
0x0000022d6f6e94a0, 0x0000022d6f6ea850, 0x0000022d6f6e38c0, 0x0000022d6f6e8780,
0x0000022d6f6e9b30, 0x0000022d6f6eaee0, 0x0000022d6f6e6d40, 0x0000022d6f6e66b0,
0x0000022d6f6e45e0, 0x0000022d6f6e7a60, 0x0000022d6f6e4c70, 0x0000022d6f6e73d0,
0x0000022d6f6e5990, 0x0000022d6f6e80f0, 0x0000022d6f6e8e10, 0x0000022d7b2713d0,
0x0000022d7b26e5e0, 0x0000022d7b26cba0, 0x0000022d7b26be80, 0x0000022d7b26ec70,
0x0000022d7b26c510, 0x0000022d7b26f300, 0x0000022d7b26f990, 0x0000022d7b270020,
0x0000022d7b26d8c0, 0x0000022d7b271a60, 0x0000022d7893e3a0, 0x0000022d7893c860,
0x0000022d7893ea70, 0x0000022d7893c190, 0x0000022d7b270d40, 0x0000022d7b2720f0,
0x0000022d7893cf30, 0x0000022d7b272780, 0x0000022d7b272e10, 0x0000022d7b2734a0,
0x0000022d7b26df50, 0x0000022d75625cb0, 0x0000022d75626340, 0x0000022d75627060,
0x0000022d756221a0, 0x0000022d756269d0, 0x0000022d75625620, 0x0000022d75622830,
0x0000022d75623be0, 0x0000022d75624270
}

Java Threads: ( => current thread )
  0x0000022d144f0bc0 JavaThread "main"                              [_thread_blocked, id=20688, stack(0x0000008086300000,0x0000008086400000) (1024K)]
  0x0000022d167fe250 JavaThread "Reference Handler"          daemon [_thread_blocked, id=5336, stack(0x0000008086700000,0x0000008086800000) (1024K)]
  0x0000022d168f1b80 JavaThread "Finalizer"                  daemon [_thread_blocked, id=18692, stack(0x0000008086800000,0x0000008086900000) (1024K)]
  0x0000022d168f5610 JavaThread "Signal Dispatcher"          daemon [_thread_blocked, id=10608, stack(0x0000008086900000,0x0000008086a00000) (1024K)]
  0x0000022d168f9340 JavaThread "Attach Listener"            daemon [_thread_blocked, id=22764, stack(0x0000008086a00000,0x0000008086b00000) (1024K)]
  0x0000022d16903020 JavaThread "Service Thread"             daemon [_thread_blocked, id=17572, stack(0x0000008086b00000,0x0000008086c00000) (1024K)]
  0x0000022d16902300 JavaThread "Monitor Deflation Thread"   daemon [_thread_blocked, id=13940, stack(0x0000008086c00000,0x0000008086d00000) (1024K)]
  0x0000022d1690a170 JavaThread "C2 CompilerThread0"         daemon [_thread_in_native, id=21312, stack(0x0000008086d00000,0x0000008086e00000) (1024K)]
  0x0000022d1690a8c0 JavaThread "C1 CompilerThread0"         daemon [_thread_blocked, id=10964, stack(0x0000008086e00000,0x0000008086f00000) (1024K)]
  0x0000022d16902990 JavaThread "Common-Cleaner"             daemon [_thread_blocked, id=23096, stack(0x0000008086f00000,0x0000008087000000) (1024K)]
  0x0000022d16903d40 JavaThread "Notification Thread"        daemon [_thread_blocked, id=22816, stack(0x0000008087300000,0x0000008087400000) (1024K)]
  0x0000022d75623550 JavaThread "Active Thread: Equinox Container: 326ff1fd-b2c1-4948-a049-abf418a98622"        [_thread_blocked, id=10628, stack(0x0000008088100000,0x0000008088200000) (1024K)]
  0x0000022d756276f0 JavaThread "Framework Event Dispatcher: Equinox Container: 326ff1fd-b2c1-4948-a049-abf418a98622" daemon [_thread_blocked, id=4628, stack(0x0000008087100000,0x0000008087200000) (1024K)]
  0x0000022d75622ec0 JavaThread "Start Level: Equinox Container: 326ff1fd-b2c1-4948-a049-abf418a98622" daemon [_thread_blocked, id=7640, stack(0x0000008087400000,0x0000008087500000) (1024K)]
  0x0000022d75624f90 JavaThread "Refresh Thread: Equinox Container: 326ff1fd-b2c1-4948-a049-abf418a98622" daemon [_thread_blocked, id=22724, stack(0x0000008088400000,0x0000008088500000) (1024K)]
  0x0000022d75628aa0 JavaThread "Bundle File Closer"         daemon [_thread_blocked, id=15336, stack(0x0000008089100000,0x0000008089200000) (1024K)]
  0x0000022d75621b10 JavaThread "SCR Component Actor"        daemon [_thread_blocked, id=9924, stack(0x0000008087000000,0x0000008087100000) (1024K)]
  0x0000022d6f6ea1c0 JavaThread "Worker-JM"                         [_thread_blocked, id=7476, stack(0x0000008089800000,0x0000008089900000) (1024K)]
  0x0000022d6f6e3f50 JavaThread "JNA Cleaner"                daemon [_thread_blocked, id=3440, stack(0x0000008089a00000,0x0000008089b00000) (1024K)]
  0x0000022d6f6e5300 JavaThread "Worker-0"                          [_thread_blocked, id=19068, stack(0x0000008089b00000,0x0000008089c00000) (1024K)]
  0x0000022d6f6e94a0 JavaThread "Worker-1"                          [_thread_blocked, id=21916, stack(0x0000008089c00000,0x0000008089d00000) (1024K)]
  0x0000022d6f6ea850 JavaThread "Worker-2"                          [_thread_blocked, id=14092, stack(0x0000008089200000,0x0000008089300000) (1024K)]
  0x0000022d6f6e38c0 JavaThread "Java indexing"              daemon [_thread_blocked, id=11436, stack(0x0000008089700000,0x0000008089800000) (1024K)]
  0x0000022d6f6e8780 JavaThread "Worker-3"                          [_thread_blocked, id=10088, stack(0x0000008089f00000,0x000000808a000000) (1024K)]
  0x0000022d6f6e9b30 JavaThread "Thread-2"                   daemon [_thread_in_native, id=19780, stack(0x000000808a000000,0x000000808a100000) (1024K)]
  0x0000022d6f6eaee0 JavaThread "Thread-3"                   daemon [_thread_in_native, id=5048, stack(0x000000808a100000,0x000000808a200000) (1024K)]
  0x0000022d6f6e6d40 JavaThread "Thread-4"                   daemon [_thread_in_native, id=17940, stack(0x000000808a200000,0x000000808a300000) (1024K)]
  0x0000022d6f6e66b0 JavaThread "Thread-5"                   daemon [_thread_in_native, id=16324, stack(0x000000808a300000,0x000000808a400000) (1024K)]
  0x0000022d6f6e45e0 JavaThread "Thread-6"                   daemon [_thread_in_native, id=4132, stack(0x000000808a400000,0x000000808a500000) (1024K)]
  0x0000022d6f6e7a60 JavaThread "Thread-7"                   daemon [_thread_in_native, id=11520, stack(0x000000808a500000,0x000000808a600000) (1024K)]
  0x0000022d6f6e4c70 JavaThread "Thread-8"                   daemon [_thread_in_native, id=6872, stack(0x000000808a600000,0x000000808a700000) (1024K)]
  0x0000022d6f6e73d0 JavaThread "Thread-9"                   daemon [_thread_in_native, id=612, stack(0x000000808a700000,0x000000808a800000) (1024K)]
  0x0000022d6f6e5990 JavaThread "Thread-10"                  daemon [_thread_in_native, id=20864, stack(0x000000808a800000,0x000000808a900000) (1024K)]
  0x0000022d6f6e80f0 JavaThread "Thread-11"                  daemon [_thread_in_native, id=21696, stack(0x000000808a900000,0x000000808aa00000) (1024K)]
  0x0000022d6f6e8e10 JavaThread "Thread-12"                  daemon [_thread_in_native, id=7524, stack(0x000000808aa00000,0x000000808ab00000) (1024K)]
  0x0000022d7b2713d0 JavaThread "Thread-13"                  daemon [_thread_in_native, id=9328, stack(0x000000808ab00000,0x000000808ac00000) (1024K)]
  0x0000022d7b26e5e0 JavaThread "Thread-14"                  daemon [_thread_in_native, id=20316, stack(0x000000808ac00000,0x000000808ad00000) (1024K)]
  0x0000022d7b26cba0 JavaThread "Thread-15"                  daemon [_thread_in_native, id=6644, stack(0x000000808ad00000,0x000000808ae00000) (1024K)]
  0x0000022d7b26be80 JavaThread "Thread-16"                  daemon [_thread_in_native, id=22736, stack(0x000000808ae00000,0x000000808af00000) (1024K)]
  0x0000022d7b26ec70 JavaThread "Thread-17"                  daemon [_thread_in_native, id=19472, stack(0x000000808af00000,0x000000808b000000) (1024K)]
  0x0000022d7b26c510 JavaThread "Thread-18"                  daemon [_thread_in_native, id=19560, stack(0x000000808b000000,0x000000808b100000) (1024K)]
  0x0000022d7b26f300 JavaThread "pool-2-thread-1"                   [_thread_blocked, id=5220, stack(0x000000808b100000,0x000000808b200000) (1024K)]
  0x0000022d7b26f990 JavaThread "WorkspaceEventsHandler"            [_thread_blocked, id=2504, stack(0x000000808b500000,0x000000808b600000) (1024K)]
  0x0000022d7b270020 JavaThread "pool-1-thread-1"                   [_thread_blocked, id=6136, stack(0x000000808b600000,0x000000808b700000) (1024K)]
  0x0000022d7b26d8c0 JavaThread "Worker-4"                          [_thread_blocked, id=23032, stack(0x000000808b700000,0x000000808b800000) (1024K)]
  0x0000022d7b271a60 JavaThread "pool-3-thread-1"                   [_thread_blocked, id=19460, stack(0x0000008088200000,0x0000008088300000) (1024K)]
=>0x0000022d7893e3a0 JavaThread "C2 CompilerThread1"         daemon [_thread_in_native, id=1760, stack(0x0000008087b00000,0x0000008087c00000) (1024K)]
  0x0000022d7893c860 JavaThread "C1 CompilerThread1"         daemon [_thread_blocked, id=10564, stack(0x0000008087c00000,0x0000008087d00000) (1024K)]
  0x0000022d7893ea70 JavaThread "C1 CompilerThread2"         daemon [_thread_blocked, id=11704, stack(0x0000008087d00000,0x0000008087e00000) (1024K)]
  0x0000022d7893c190 JavaThread "C2 CompilerThread2"         daemon [_thread_blocked, id=1312, stack(0x0000008087e00000,0x0000008087f00000) (1024K)]
  0x0000022d7b270d40 JavaThread "ForkJoinPool.commonPool-worker-1" daemon [_thread_blocked, id=14656, stack(0x0000008087f00000,0x0000008088000000) (1024K)]
  0x0000022d7b2720f0 JavaThread "ForkJoinPool.commonPool-worker-2" daemon [_thread_blocked, id=22048, stack(0x0000008088000000,0x0000008088100000) (1024K)]
  0x0000022d7893cf30 JavaThread "C2 CompilerThread3"         daemon [_thread_blocked, id=8552, stack(0x0000008088500000,0x0000008088600000) (1024K)]
  0x0000022d7b272780 JavaThread "ForkJoinPool.commonPool-worker-3" daemon [_thread_blocked, id=19364, stack(0x0000008088600000,0x0000008088700000) (1024K)]
  0x0000022d7b272e10 JavaThread "ForkJoinPool.commonPool-worker-4" daemon [_thread_blocked, id=7892, stack(0x0000008088700000,0x0000008088800000) (1024K)]
  0x0000022d7b2734a0 JavaThread "ForkJoinPool.commonPool-worker-5" daemon [_thread_blocked, id=11412, stack(0x0000008088800000,0x0000008088900000) (1024K)]
  0x0000022d7b26df50 JavaThread "ForkJoinPool.commonPool-worker-6" daemon [_thread_blocked, id=4760, stack(0x0000008088900000,0x0000008088a00000) (1024K)]
  0x0000022d75625cb0 JavaThread "ForkJoinPool.commonPool-worker-7" daemon [_thread_blocked, id=724, stack(0x0000008088a00000,0x0000008088b00000) (1024K)]
  0x0000022d75626340 JavaThread "ForkJoinPool.commonPool-worker-8" daemon [_thread_blocked, id=3112, stack(0x0000008088b00000,0x0000008088c00000) (1024K)]
  0x0000022d75627060 JavaThread "ForkJoinPool.commonPool-worker-9" daemon [_thread_blocked, id=7424, stack(0x0000008088c00000,0x0000008088d00000) (1024K)]
  0x0000022d756221a0 JavaThread "ForkJoinPool.commonPool-worker-10" daemon [_thread_blocked, id=4048, stack(0x0000008088d00000,0x0000008088e00000) (1024K)]
  0x0000022d756269d0 JavaThread "ForkJoinPool.commonPool-worker-11" daemon [_thread_blocked, id=620, stack(0x0000008088e00000,0x0000008088f00000) (1024K)]
  0x0000022d75625620 JavaThread "ForkJoinPool.commonPool-worker-12" daemon [_thread_blocked, id=2944, stack(0x0000008088f00000,0x0000008089000000) (1024K)]
  0x0000022d75622830 JavaThread "ForkJoinPool.commonPool-worker-13" daemon [_thread_blocked, id=20468, stack(0x0000008089000000,0x0000008089100000) (1024K)]
  0x0000022d75623be0 JavaThread "ForkJoinPool.commonPool-worker-14" daemon [_thread_blocked, id=16644, stack(0x0000008089600000,0x0000008089700000) (1024K)]
  0x0000022d75624270 JavaThread "ForkJoinPool.commonPool-worker-15" daemon [_thread_blocked, id=10984, stack(0x0000008089d00000,0x0000008089e00000) (1024K)]
Total: 66

Other Threads:
  0x0000022d167e2550 VMThread "VM Thread"                           [id=8080, stack(0x0000008086600000,0x0000008086700000) (1024K)]
  0x0000022d168bf270 WatcherThread "VM Periodic Task Thread"        [id=8516, stack(0x0000008086500000,0x0000008086600000) (1024K)]
  0x0000022d16870c40 WorkerThread "GC Thread#0"                     [id=9928, stack(0x0000008086400000,0x0000008086500000) (1024K)]
  0x0000022d759d1c00 WorkerThread "GC Thread#1"                     [id=19152, stack(0x0000008087500000,0x0000008087600000) (1024K)]
  0x0000022d756c62c0 WorkerThread "GC Thread#2"                     [id=20504, stack(0x0000008087600000,0x0000008087700000) (1024K)]
  0x0000022d756c6660 WorkerThread "GC Thread#3"                     [id=21496, stack(0x0000008087700000,0x0000008087800000) (1024K)]
  0x0000022d7547a220 WorkerThread "GC Thread#4"                     [id=4624, stack(0x0000008087800000,0x0000008087900000) (1024K)]
  0x0000022d7547a5c0 WorkerThread "GC Thread#5"                     [id=4084, stack(0x0000008087900000,0x0000008087a00000) (1024K)]
  0x0000022d7547a960 WorkerThread "GC Thread#6"                     [id=17172, stack(0x0000008087a00000,0x0000008087b00000) (1024K)]
  0x0000022d750b5110 WorkerThread "GC Thread#7"                     [id=18452, stack(0x0000008087200000,0x0000008087300000) (1024K)]
  0x0000022d75da6670 WorkerThread "GC Thread#8"                     [id=4180, stack(0x0000008089300000,0x0000008089400000) (1024K)]
  0x0000022d75da7150 WorkerThread "GC Thread#9"                     [id=17012, stack(0x0000008089400000,0x0000008089500000) (1024K)]
  0x0000022d75da5b90 WorkerThread "GC Thread#10"                    [id=5704, stack(0x0000008089500000,0x0000008089600000) (1024K)]
  0x0000022d76727a10 WorkerThread "GC Thread#11"                    [id=14900, stack(0x0000008088300000,0x0000008088400000) (1024K)]
  0x0000022d767272d0 WorkerThread "GC Thread#12"                    [id=10256, stack(0x0000008089900000,0x0000008089a00000) (1024K)]
Total: 15

Threads with active compile tasks:
C2 CompilerThread0  27286 10329       4       java.lang.invoke.MethodHandleImpl::makePairwiseConvertByEditor (617 bytes)
C2 CompilerThread1  27286 10346  s!   4       org.eclipse.jdt.internal.core.index.DiskIndex::readCategoryTable (743 bytes)
Total: 2

VM state: not at safepoint (normal execution)

VM Mutex/Monitor currently owned by a thread: None

Heap address: 0x0000000080000000, size: 2048 MB, Compressed Oops mode: 32-bit

CDS archive(s) mapped at: [0x0000022d2e000000-0x0000022d2eba0000-0x0000022d2eba0000), size 12189696, SharedBaseAddress: 0x0000022d2e000000, ArchiveRelocationMode: 1.
Compressed class space mapped at: 0x0000022d2f000000-0x0000022d6f000000, reserved size: 1073741824
Narrow klass base: 0x0000022d2e000000, Narrow klass shift: 0, Narrow klass range: 0x100000000

GC Precious Log:
 CardTable entry size: 512
 CPUs: 16 total, 16 available
 Memory: 31894M
 Large Page Support: Disabled
 NUMA Support: Disabled
 Compressed Oops: Enabled (32-bit)
 Alignments: Space 512K, Generation 512K, Heap 2M
 Heap Min Capacity: 100M
 Heap Initial Capacity: 100M
 Heap Max Capacity: 2G
 Pre-touch: Disabled
 Parallel Workers: 13

Heap:
 PSYoungGen      total 8192K, used 6096K [0x00000000d5580000, 0x00000000d6680000, 0x0000000100000000)
  eden space 4608K, 58% used [0x00000000d5580000,0x00000000d5823cf8,0x00000000d5a00000)
  from space 3584K, 94% used [0x00000000d6300000,0x00000000d66506e0,0x00000000d6680000)
  to   space 5120K, 0% used [0x00000000d5c80000,0x00000000d5c80000,0x00000000d6180000)
 ParOldGen       total 587776K, used 587697K [0x0000000080000000, 0x00000000a3e00000, 0x00000000d5580000)
  object space 587776K, 99% used [0x0000000080000000,0x00000000a3dec768,0x00000000a3e00000)
 Metaspace       used 57491K, committed 58688K, reserved 1114112K
  class space    used 6217K, committed 6784K, reserved 1048576K

Card table byte_map: [0x0000022d161f0000,0x0000022d16600000] _byte_map_base: 0x0000022d15df0000

Marking Bits: (ParMarkBitMap*) 0x00007ffeab6aa340
 Begin Bits: [0x0000022d28cf0000, 0x0000022d2acf0000)
 End Bits:   [0x0000022d2acf0000, 0x0000022d2ccf0000)

Polling page: 0x0000022d146a0000

Metaspace:

Usage:
  Non-class:     50.07 MB used.
      Class:      6.07 MB used.
       Both:     56.14 MB used.

Virtual space:
  Non-class space:       64.00 MB reserved,      50.69 MB ( 79%) committed,  1 nodes.
      Class space:        1.00 GB reserved,       6.62 MB ( <1%) committed,  1 nodes.
             Both:        1.06 GB reserved,      57.31 MB (  5%) committed. 

Chunk freelists:
   Non-Class:  12.89 MB
       Class:  9.41 MB
        Both:  22.30 MB

MaxMetaspaceSize: unlimited
CompressedClassSpaceSize: 1.00 GB
Initial GC threshold: 21.00 MB
Current GC threshold: 58.38 MB
CDS: on
 - commit_granule_bytes: 65536.
 - commit_granule_words: 8192.
 - virtual_space_node_default_size: 8388608.
 - enlarge_chunks_in_place: 1.
 - use_allocation_guard: 0.


Internal statistics:

num_allocs_failed_limit: 6.
num_arena_births: 912.
num_arena_deaths: 18.
num_vsnodes_births: 2.
num_vsnodes_deaths: 0.
num_space_committed: 917.
num_space_uncommitted: 0.
num_chunks_returned_to_freelist: 25.
num_chunks_taken_from_freelist: 3194.
num_chunk_merges: 7.
num_chunk_splits: 2047.
num_chunks_enlarged: 1310.
num_inconsistent_stats: 0.

CodeHeap 'non-profiled nmethods': size=119168Kb used=9059Kb max_used=9059Kb free=110109Kb
 bounds [0x0000022d215e0000, 0x0000022d21ec0000, 0x0000022d28a40000]
CodeHeap 'profiled nmethods': size=119104Kb used=21807Kb max_used=21807Kb free=97296Kb
 bounds [0x0000022d19a40000, 0x0000022d1af90000, 0x0000022d20e90000]
CodeHeap 'non-nmethods': size=7488Kb used=2571Kb max_used=3206Kb free=4916Kb
 bounds [0x0000022d20e90000, 0x0000022d211c0000, 0x0000022d215e0000]
CodeCache: size=245760Kb, used=33437Kb, max_used=34072Kb, free=212321Kb
 total_blobs=10462, nmethods=9716, adapters=650, full_count=0
Compilation: enabled, stopped_count=0, restarted_count=0

Compilation events (20 events):
Event: 27.238 Thread 0x0000022d7893ea70 10372       3       org.eclipse.jdt.internal.compiler.util.HashtableOfObject::get (56 bytes)
Event: 27.238 Thread 0x0000022d7893ea70 nmethod 10372 0x0000022d1af7d590 code [0x0000022d1af7d780, 0x0000022d1af7dbb0]
Event: 27.238 Thread 0x0000022d7893ea70 10373       3       org.eclipse.jdt.internal.compiler.util.HashtableOfIntValues::get (69 bytes)
Event: 27.238 Thread 0x0000022d7893ea70 nmethod 10373 0x0000022d1af7de10 code [0x0000022d1af7e000, 0x0000022d1af7e488]
Event: 27.238 Thread 0x0000022d7893c860 nmethod 10368% 0x0000022d1af7e790 code [0x0000022d1af7eb80, 0x0000022d1af80ae0]
Event: 27.240 Thread 0x0000022d7893c860 10376       3       org.eclipse.jdt.internal.core.index.DiskIndex::addQueryResults (739 bytes)
Event: 27.240 Thread 0x0000022d7893c190 nmethod 10362 0x0000022d21eb1e10 code [0x0000022d21eb2060, 0x0000022d21eb2988]
Event: 27.240 Thread 0x0000022d7893c190 10371       4       org.eclipse.jdt.internal.core.index.DiskIndex::readStreamChars (529 bytes)
Event: 27.241 Thread 0x0000022d7893ea70 10377       3       org.eclipse.jdt.core.compiler.CharOperation::prefixEquals (36 bytes)
Event: 27.241 Thread 0x0000022d7893ea70 nmethod 10377 0x0000022d1af81a10 code [0x0000022d1af81be0, 0x0000022d1af81e90]
Event: 27.241 Thread 0x0000022d7893c860 nmethod 10376 0x0000022d1af82010 code [0x0000022d1af823e0, 0x0000022d1af83ee0]
Event: 27.241 Thread 0x0000022d7893cf30 nmethod 10364 0x0000022d21eb3110 code [0x0000022d21eb33a0, 0x0000022d21eb3e48]
Event: 27.241 Thread 0x0000022d7893cf30 10374       4       org.eclipse.jdt.core.compiler.CharOperation::hashCode (11 bytes)
Event: 27.242 Thread 0x0000022d7893cf30 nmethod 10374 0x0000022d21eb4790 code [0x0000022d21eb4940, 0x0000022d21eb4be8]
Event: 27.242 Thread 0x0000022d7893cf30 10366       4       java.lang.invoke.DirectMethodHandle$Holder::newInvokeSpecial (28 bytes)
Event: 27.242 Thread 0x0000022d7893cf30 nmethod 10366 0x0000022d21eb4c90 code [0x0000022d21eb4e40, 0x0000022d21eb50a8]
Event: 27.243 Thread 0x0000022d7893c860 10378       3       jdk.internal.misc.Unsafe::storeStoreFence (5 bytes)
Event: 27.243 Thread 0x0000022d7893c860 nmethod 10378 0x0000022d1af84c90 code [0x0000022d1af84e20, 0x0000022d1af84f40]
Event: 27.245 Thread 0x0000022d1690a8c0 10379       3       jdk.internal.misc.Unsafe::loadFence (5 bytes)
Event: 27.245 Thread 0x0000022d1690a8c0 nmethod 10379 0x0000022d1af85010 code [0x0000022d1af851a0, 0x0000022d1af852c0]

GC Heap History (20 events):
Event: 27.047 GC heap before
{Heap before GC invocations=671 (full 2):
 PSYoungGen      total 5632K, used 5504K [0x00000000d5580000, 0x00000000d5e80000, 0x0000000100000000)
  eden space 5120K, 100% used [0x00000000d5580000,0x00000000d5a80000,0x00000000d5a80000)
  from space 512K, 75% used [0x00000000d5e00000,0x00000000d5e600b0,0x00000000d5e80000)
  to   space 512K, 0% used [0x00000000d5d80000,0x00000000d5d80000,0x00000000d5e00000)
 ParOldGen       total 569856K, used 569502K [0x0000000080000000, 0x00000000a2c80000, 0x00000000d5580000)
  object space 569856K, 99% used [0x0000000080000000,0x00000000a2c27a10,0x00000000a2c80000)
 Metaspace       used 56807K, committed 57984K, reserved 1114112K
  class space    used 6132K, committed 6656K, reserved 1048576K
}
Event: 27.048 GC heap after
{Heap after GC invocations=671 (full 2):
 PSYoungGen      total 5632K, used 320K [0x00000000d5580000, 0x00000000d5e80000, 0x0000000100000000)
  eden space 5120K, 0% used [0x00000000d5580000,0x00000000d5580000,0x00000000d5a80000)
  from space 512K, 62% used [0x00000000d5d80000,0x00000000d5dd0000,0x00000000d5e00000)
  to   space 512K, 0% used [0x00000000d5e00000,0x00000000d5e00000,0x00000000d5e80000)
 ParOldGen       total 569856K, used 569670K [0x0000000080000000, 0x00000000a2c80000, 0x00000000d5580000)
  object space 569856K, 99% used [0x0000000080000000,0x00000000a2c51ac0,0x00000000a2c80000)
 Metaspace       used 56807K, committed 57984K, reserved 1114112K
  class space    used 6132K, committed 6656K, reserved 1048576K
}
Event: 27.050 GC heap before
{Heap before GC invocations=672 (full 2):
 PSYoungGen      total 5632K, used 5440K [0x00000000d5580000, 0x00000000d5e80000, 0x0000000100000000)
  eden space 5120K, 100% used [0x00000000d5580000,0x00000000d5a80000,0x00000000d5a80000)
  from space 512K, 62% used [0x00000000d5d80000,0x00000000d5dd0000,0x00000000d5e00000)
  to   space 512K, 0% used [0x00000000d5e00000,0x00000000d5e00000,0x00000000d5e80000)
 ParOldGen       total 569856K, used 569670K [0x0000000080000000, 0x00000000a2c80000, 0x00000000d5580000)
  object space 569856K, 99% used [0x0000000080000000,0x00000000a2c51ac0,0x00000000a2c80000)
 Metaspace       used 56807K, committed 57984K, reserved 1114112K
  class space    used 6132K, committed 6656K, reserved 1048576K
}
Event: 27.051 GC heap after
{Heap after GC invocations=672 (full 2):
 PSYoungGen      total 5632K, used 416K [0x00000000d5580000, 0x00000000d5e80000, 0x0000000100000000)
  eden space 5120K, 0% used [0x00000000d5580000,0x00000000d5580000,0x00000000d5a80000)
  from space 512K, 81% used [0x00000000d5e00000,0x00000000d5e68000,0x00000000d5e80000)
  to   space 512K, 0% used [0x00000000d5d80000,0x00000000d5d80000,0x00000000d5e00000)
 ParOldGen       total 569856K, used 569814K [0x0000000080000000, 0x00000000a2c80000, 0x00000000d5580000)
  object space 569856K, 99% used [0x0000000080000000,0x00000000a2c75ac0,0x00000000a2c80000)
 Metaspace       used 56807K, committed 57984K, reserved 1114112K
  class space    used 6132K, committed 6656K, reserved 1048576K
}
Event: 27.070 GC heap before
{Heap before GC invocations=673 (full 2):
 PSYoungGen      total 5632K, used 5536K [0x00000000d5580000, 0x00000000d5e80000, 0x0000000100000000)
  eden space 5120K, 100% used [0x00000000d5580000,0x00000000d5a80000,0x00000000d5a80000)
  from space 512K, 81% used [0x00000000d5e00000,0x00000000d5e68000,0x00000000d5e80000)
  to   space 512K, 0% used [0x00000000d5d80000,0x00000000d5d80000,0x00000000d5e00000)
 ParOldGen       total 569856K, used 569814K [0x0000000080000000, 0x00000000a2c80000, 0x00000000d5580000)
  object space 569856K, 99% used [0x0000000080000000,0x00000000a2c75ac0,0x00000000a2c80000)
 Metaspace       used 56819K, committed 57984K, reserved 1114112K
  class space    used 6132K, committed 6656K, reserved 1048576K
}
Event: 27.072 GC heap after
{Heap after GC invocations=673 (full 2):
 PSYoungGen      total 5632K, used 288K [0x00000000d5580000, 0x00000000d5e80000, 0x0000000100000000)
  eden space 5120K, 0% used [0x00000000d5580000,0x00000000d5580000,0x00000000d5a80000)
  from space 512K, 56% used [0x00000000d5d80000,0x00000000d5dc8000,0x00000000d5e00000)
  to   space 512K, 0% used [0x00000000d5e00000,0x00000000d5e00000,0x00000000d5e80000)
 ParOldGen       total 570368K, used 569942K [0x0000000080000000, 0x00000000a2d00000, 0x00000000d5580000)
  object space 570368K, 99% used [0x0000000080000000,0x00000000a2c95ac0,0x00000000a2d00000)
 Metaspace       used 56819K, committed 57984K, reserved 1114112K
  class space    used 6132K, committed 6656K, reserved 1048576K
}
Event: 27.134 GC heap before
{Heap before GC invocations=674 (full 2):
 PSYoungGen      total 5632K, used 5408K [0x00000000d5580000, 0x00000000d5e80000, 0x0000000100000000)
  eden space 5120K, 100% used [0x00000000d5580000,0x00000000d5a80000,0x00000000d5a80000)
  from space 512K, 56% used [0x00000000d5d80000,0x00000000d5dc8000,0x00000000d5e00000)
  to   space 512K, 0% used [0x00000000d5e00000,0x00000000d5e00000,0x00000000d5e80000)
 ParOldGen       total 570368K, used 569942K [0x0000000080000000, 0x00000000a2d00000, 0x00000000d5580000)
  object space 570368K, 99% used [0x0000000080000000,0x00000000a2c95ac0,0x00000000a2d00000)
 Metaspace       used 56932K, committed 58176K, reserved 1114112K
  class space    used 6141K, committed 6720K, reserved 1048576K
}
Event: 27.135 GC heap after
{Heap after GC invocations=674 (full 2):
 PSYoungGen      total 5632K, used 224K [0x00000000d5580000, 0x00000000d5e80000, 0x0000000100000000)
  eden space 5120K, 0% used [0x00000000d5580000,0x00000000d5580000,0x00000000d5a80000)
  from space 512K, 43% used [0x00000000d5e00000,0x00000000d5e38000,0x00000000d5e80000)
  to   space 512K, 0% used [0x00000000d5d80000,0x00000000d5d80000,0x00000000d5e00000)
 ParOldGen       total 570368K, used 570078K [0x0000000080000000, 0x00000000a2d00000, 0x00000000d5580000)
  object space 570368K, 99% used [0x0000000080000000,0x00000000a2cb7ac0,0x00000000a2d00000)
 Metaspace       used 56932K, committed 58176K, reserved 1114112K
  class space    used 6141K, committed 6720K, reserved 1048576K
}
Event: 27.150 GC heap before
{Heap before GC invocations=675 (full 2):
 PSYoungGen      total 5632K, used 5130K [0x00000000d5580000, 0x00000000d5e80000, 0x0000000100000000)
  eden space 5120K, 95% used [0x00000000d5580000,0x00000000d5a4aa20,0x00000000d5a80000)
  from space 512K, 43% used [0x00000000d5e00000,0x00000000d5e38000,0x00000000d5e80000)
  to   space 512K, 0% used [0x00000000d5d80000,0x00000000d5d80000,0x00000000d5e00000)
 ParOldGen       total 570368K, used 570078K [0x0000000080000000, 0x00000000a2d00000, 0x00000000d5580000)
  object space 570368K, 99% used [0x0000000080000000,0x00000000a2cb7ac0,0x00000000a2d00000)
 Metaspace       used 57206K, committed 58432K, reserved 1114112K
  class space    used 6174K, committed 6720K, reserved 1048576K
}
Event: 27.151 GC heap after
{Heap after GC invocations=675 (full 2):
 PSYoungGen      total 5632K, used 506K [0x00000000d5580000, 0x00000000d5f80000, 0x0000000100000000)
  eden space 5120K, 0% used [0x00000000d5580000,0x00000000d5580000,0x00000000d5a80000)
  from space 512K, 98% used [0x00000000d5d80000,0x00000000d5dfe900,0x00000000d5e00000)
  to   space 1536K, 0% used [0x00000000d5e00000,0x00000000d5e00000,0x00000000d5f80000)
 ParOldGen       total 571904K, used 571617K [0x0000000080000000, 0x00000000a2e80000, 0x00000000d5580000)
  object space 571904K, 99% used [0x0000000080000000,0x00000000a2e38580,0x00000000a2e80000)
 Metaspace       used 57206K, committed 58432K, reserved 1114112K
  class space    used 6174K, committed 6720K, reserved 1048576K
}
Event: 27.169 GC heap before
{Heap before GC invocations=676 (full 2):
 PSYoungGen      total 5632K, used 5475K [0x00000000d5580000, 0x00000000d5f80000, 0x0000000100000000)
  eden space 5120K, 97% used [0x00000000d5580000,0x00000000d5a5a5b0,0x00000000d5a80000)
  from space 512K, 98% used [0x00000000d5d80000,0x00000000d5dfe900,0x00000000d5e00000)
  to   space 1536K, 0% used [0x00000000d5e00000,0x00000000d5e00000,0x00000000d5f80000)
 ParOldGen       total 571904K, used 571617K [0x0000000080000000, 0x00000000a2e80000, 0x00000000d5580000)
  object space 571904K, 99% used [0x0000000080000000,0x00000000a2e38580,0x00000000a2e80000)
 Metaspace       used 57428K, committed 58624K, reserved 1114112K
  class space    used 6211K, committed 6784K, reserved 1048576K
}
Event: 27.170 GC heap after
{Heap after GC invocations=676 (full 2):
 PSYoungGen      total 6144K, used 1504K [0x00000000d5580000, 0x00000000d6280000, 0x0000000100000000)
  eden space 4608K, 0% used [0x00000000d5580000,0x00000000d5580000,0x00000000d5a00000)
  from space 1536K, 97% used [0x00000000d5e00000,0x00000000d5f78280,0x00000000d5f80000)
  to   space 4096K, 0% used [0x00000000d5a00000,0x00000000d5a00000,0x00000000d5e00000)
 ParOldGen       total 573952K, used 573618K [0x0000000080000000, 0x00000000a3080000, 0x00000000d5580000)
  object space 573952K, 99% used [0x0000000080000000,0x00000000a302cb40,0x00000000a3080000)
 Metaspace       used 57428K, committed 58624K, reserved 1114112K
  class space    used 6211K, committed 6784K, reserved 1048576K
}
Event: 27.175 GC heap before
{Heap before GC invocations=677 (full 2):
 PSYoungGen      total 6144K, used 6112K [0x00000000d5580000, 0x00000000d6280000, 0x0000000100000000)
  eden space 4608K, 100% used [0x00000000d5580000,0x00000000d5a00000,0x00000000d5a00000)
  from space 1536K, 97% used [0x00000000d5e00000,0x00000000d5f78280,0x00000000d5f80000)
  to   space 4096K, 0% used [0x00000000d5a00000,0x00000000d5a00000,0x00000000d5e00000)
 ParOldGen       total 573952K, used 573618K [0x0000000080000000, 0x00000000a3080000, 0x00000000d5580000)
  object space 573952K, 99% used [0x0000000080000000,0x00000000a302cb40,0x00000000a3080000)
 Metaspace       used 57428K, committed 58624K, reserved 1114112K
  class space    used 6211K, committed 6784K, reserved 1048576K
}
Event: 27.177 GC heap after
{Heap after GC invocations=677 (full 2):
 PSYoungGen      total 8704K, used 4094K [0x00000000d5580000, 0x00000000d6700000, 0x0000000100000000)
  eden space 4608K, 0% used [0x00000000d5580000,0x00000000d5580000,0x00000000d5a00000)
  from space 4096K, 99% used [0x00000000d5a00000,0x00000000d5dffb80,0x00000000d5e00000)
  to   space 6656K, 0% used [0x00000000d6080000,0x00000000d6080000,0x00000000d6700000)
 ParOldGen       total 576000K, used 575635K [0x0000000080000000, 0x00000000a3280000, 0x00000000d5580000)
  object space 576000K, 99% used [0x0000000080000000,0x00000000a3224dc0,0x00000000a3280000)
 Metaspace       used 57428K, committed 58624K, reserved 1114112K
  class space    used 6211K, committed 6784K, reserved 1048576K
}
Event: 27.202 GC heap before
{Heap before GC invocations=678 (full 2):
 PSYoungGen      total 8704K, used 8523K [0x00000000d5580000, 0x00000000d6700000, 0x0000000100000000)
  eden space 4608K, 96% used [0x00000000d5580000,0x00000000d59d3288,0x00000000d5a00000)
  from space 4096K, 99% used [0x00000000d5a00000,0x00000000d5dffb80,0x00000000d5e00000)
  to   space 6656K, 0% used [0x00000000d6080000,0x00000000d6080000,0x00000000d6700000)
 ParOldGen       total 576000K, used 575635K [0x0000000080000000, 0x00000000a3280000, 0x00000000d5580000)
  object space 576000K, 99% used [0x0000000080000000,0x00000000a3224dc0,0x00000000a3280000)
 Metaspace       used 57430K, committed 58624K, reserved 1114112K
  class space    used 6211K, committed 6784K, reserved 1048576K
}
Event: 27.206 GC heap after
{Heap after GC invocations=678 (full 2):
 PSYoungGen      total 8192K, used 3413K [0x00000000d5580000, 0x00000000d6400000, 0x0000000100000000)
  eden space 4608K, 0% used [0x00000000d5580000,0x00000000d5580000,0x00000000d5a00000)
  from space 3584K, 95% used [0x00000000d6080000,0x00000000d63d54b8,0x00000000d6400000)
  to   space 4608K, 0% used [0x00000000d5b00000,0x00000000d5b00000,0x00000000d5f80000)
 ParOldGen       total 580096K, used 579810K [0x0000000080000000, 0x00000000a3680000, 0x00000000d5580000)
  object space 580096K, 99% used [0x0000000080000000,0x00000000a3638940,0x00000000a3680000)
 Metaspace       used 57430K, committed 58624K, reserved 1114112K
  class space    used 6211K, committed 6784K, reserved 1048576K
}
Event: 27.212 GC heap before
{Heap before GC invocations=679 (full 2):
 PSYoungGen      total 8192K, used 8021K [0x00000000d5580000, 0x00000000d6400000, 0x0000000100000000)
  eden space 4608K, 100% used [0x00000000d5580000,0x00000000d5a00000,0x00000000d5a00000)
  from space 3584K, 95% used [0x00000000d6080000,0x00000000d63d54b8,0x00000000d6400000)
  to   space 4608K, 0% used [0x00000000d5b00000,0x00000000d5b00000,0x00000000d5f80000)
 ParOldGen       total 580096K, used 579810K [0x0000000080000000, 0x00000000a3680000, 0x00000000d5580000)
  object space 580096K, 99% used [0x0000000080000000,0x00000000a3638940,0x00000000a3680000)
 Metaspace       used 57430K, committed 58624K, reserved 1114112K
  class space    used 6211K, committed 6784K, reserved 1048576K
}
Event: 27.214 GC heap after
{Heap after GC invocations=679 (full 2):
 PSYoungGen      total 9216K, used 4597K [0x00000000d5580000, 0x00000000d6c00000, 0x0000000100000000)
  eden space 4608K, 0% used [0x00000000d5580000,0x00000000d5580000,0x00000000d5a00000)
  from space 4608K, 99% used [0x00000000d5b00000,0x00000000d5f7d4b8,0x00000000d5f80000)
  to   space 9216K, 0% used [0x00000000d6300000,0x00000000d6300000,0x00000000d6c00000)
 ParOldGen       total 583680K, used 583212K [0x0000000080000000, 0x00000000a3a00000, 0x00000000d5580000)
  object space 583680K, 99% used [0x0000000080000000,0x00000000a398b2b0,0x00000000a3a00000)
 Metaspace       used 57430K, committed 58624K, reserved 1114112K
  class space    used 6211K, committed 6784K, reserved 1048576K
}
Event: 27.250 GC heap before
{Heap before GC invocations=680 (full 2):
 PSYoungGen      total 9216K, used 9205K [0x00000000d5580000, 0x00000000d6c00000, 0x0000000100000000)
  eden space 4608K, 100% used [0x00000000d5580000,0x00000000d5a00000,0x00000000d5a00000)
  from space 4608K, 99% used [0x00000000d5b00000,0x00000000d5f7d4b8,0x00000000d5f80000)
  to   space 9216K, 0% used [0x00000000d6300000,0x00000000d6300000,0x00000000d6c00000)
 ParOldGen       total 583680K, used 583212K [0x0000000080000000, 0x00000000a3a00000, 0x00000000d5580000)
  object space 583680K, 99% used [0x0000000080000000,0x00000000a398b2b0,0x00000000a3a00000)
 Metaspace       used 57452K, committed 58624K, reserved 1114112K
  class space    used 6216K, committed 6784K, reserved 1048576K
}
Event: 27.252 GC heap after
{Heap after GC invocations=680 (full 2):
 PSYoungGen      total 8192K, used 3393K [0x00000000d5580000, 0x00000000d6680000, 0x0000000100000000)
  eden space 4608K, 0% used [0x00000000d5580000,0x00000000d5580000,0x00000000d5a00000)
  from space 3584K, 94% used [0x00000000d6300000,0x00000000d66506e0,0x00000000d6680000)
  to   space 5120K, 0% used [0x00000000d5c80000,0x00000000d5c80000,0x00000000d6180000)
 ParOldGen       total 587776K, used 587697K [0x0000000080000000, 0x00000000a3e00000, 0x00000000d5580000)
  object space 587776K, 99% used [0x0000000080000000,0x00000000a3dec768,0x00000000a3e00000)
 Metaspace       used 57452K, committed 58624K, reserved 1114112K
  class space    used 6216K, committed 6784K, reserved 1048576K
}

Dll operation events (12 events):
Event: 0.007 Loaded shared library c:\Users\User\.cursor\extensions\redhat.java-1.45.0-win32-x64\jre\21.0.8-win32-x86_64\bin\java.dll
Event: 0.051 Loaded shared library c:\Users\User\.cursor\extensions\redhat.java-1.45.0-win32-x64\jre\21.0.8-win32-x86_64\bin\zip.dll
Event: 0.062 Loaded shared library C:\Users\User\.cursor\extensions\redhat.java-1.45.0-win32-x64\jre\21.0.8-win32-x86_64\bin\instrument.dll
Event: 0.065 Loaded shared library C:\Users\User\.cursor\extensions\redhat.java-1.45.0-win32-x64\jre\21.0.8-win32-x86_64\bin\net.dll
Event: 0.067 Loaded shared library C:\Users\User\.cursor\extensions\redhat.java-1.45.0-win32-x64\jre\21.0.8-win32-x86_64\bin\nio.dll
Event: 0.069 Loaded shared library C:\Users\User\.cursor\extensions\redhat.java-1.45.0-win32-x64\jre\21.0.8-win32-x86_64\bin\zip.dll
Event: 0.078 Loaded shared library C:\Users\User\.cursor\extensions\redhat.java-1.45.0-win32-x64\jre\21.0.8-win32-x86_64\bin\jimage.dll
Event: 0.125 Loaded shared library c:\Users\User\.cursor\extensions\redhat.java-1.45.0-win32-x64\jre\21.0.8-win32-x86_64\bin\verify.dll
Event: 2.892 Loaded shared library C:\Users\User\AppData\Roaming\Cursor\User\globalStorage\redhat.java\1.45.0\config_win\org.eclipse.equinox.launcher\org.eclipse.equinox.launcher.win32.win32.x86_64_1.2.1400.v20250801-0854\eclipse_11916.dll
Event: 6.377 Loaded shared library C:\Users\User\AppData\Local\Temp\jna-2645995\jna15675503618395962790.dll
Event: 9.338 Loaded shared library C:\Users\User\.cursor\extensions\redhat.java-1.45.0-win32-x64\jre\21.0.8-win32-x86_64\bin\sunmscapi.dll
Event: 9.727 Loaded shared library C:\Users\User\.cursor\extensions\redhat.java-1.45.0-win32-x64\jre\21.0.8-win32-x86_64\bin\extnet.dll

Deoptimization events (20 events):
Event: 27.180 Thread 0x0000022d6f6e38c0 Uncommon trap: trap_request=0xffffff45 fr.pc=0x0000022d21e173a0 relative=0x00000000000045e0
Event: 27.180 Thread 0x0000022d6f6e38c0 Uncommon trap: reason=unstable_if action=reinterpret pc=0x0000022d21e173a0 method=org.eclipse.jdt.internal.core.index.DiskIndex.readCategoryTable([CZ)Lorg/eclipse/jdt/internal/compiler/util/HashtableOfObject; @ 416 c2
Event: 27.180 Thread 0x0000022d6f6e38c0 DEOPT PACKING pc=0x0000022d21e173a0 sp=0x00000080897fe6d0
Event: 27.180 Thread 0x0000022d6f6e38c0 DEOPT UNPACKING pc=0x0000022d20ee6da2 sp=0x00000080897fe6a0 mode 2
Event: 27.211 Thread 0x0000022d6f6e38c0 Uncommon trap: trap_request=0xffffff45 fr.pc=0x0000022d21e09d60 relative=0x0000000000000580
Event: 27.211 Thread 0x0000022d6f6e38c0 Uncommon trap: reason=unstable_if action=reinterpret pc=0x0000022d21e09d60 method=org.eclipse.jdt.internal.core.index.DiskIndex.readStreamChars(Ljava/io/InputStream;)[C @ 114 c2
Event: 27.211 Thread 0x0000022d6f6e38c0 DEOPT PACKING pc=0x0000022d21e09d60 sp=0x00000080897fe570
Event: 27.211 Thread 0x0000022d6f6e38c0 DEOPT UNPACKING pc=0x0000022d20ee6da2 sp=0x00000080897fe4d0 mode 2
Event: 27.212 Thread 0x0000022d6f6e38c0 DEOPT PACKING pc=0x0000022d1af75319 sp=0x00000080897fe7b0
Event: 27.212 Thread 0x0000022d6f6e38c0 DEOPT UNPACKING pc=0x0000022d20ee78e2 sp=0x00000080897fdc88 mode 0
Event: 27.212 Thread 0x0000022d6f6e38c0 DEOPT PACKING pc=0x0000022d1af7341b sp=0x00000080897fe6c0
Event: 27.212 Thread 0x0000022d6f6e38c0 DEOPT UNPACKING pc=0x0000022d20ee78e2 sp=0x00000080897fdc88 mode 0
Event: 27.214 Thread 0x0000022d6f6e38c0 Uncommon trap: trap_request=0xffffff45 fr.pc=0x0000022d21eab6ec relative=0x000000000000108c
Event: 27.214 Thread 0x0000022d6f6e38c0 Uncommon trap: reason=unstable_if action=reinterpret pc=0x0000022d21eab6ec method=org.eclipse.jdt.internal.core.index.DiskIndex.mergeCategory([CLorg/eclipse/jdt/internal/core/index/DiskIndex;[ILjava/io/OutputStream;)V @ 278 c2
Event: 27.214 Thread 0x0000022d6f6e38c0 DEOPT PACKING pc=0x0000022d21eab6ec sp=0x00000080897fe7d0
Event: 27.214 Thread 0x0000022d6f6e38c0 DEOPT UNPACKING pc=0x0000022d20ee6da2 sp=0x00000080897fe798 mode 2
Event: 27.236 Thread 0x0000022d7b270d40 Uncommon trap: trap_request=0xffffff45 fr.pc=0x0000022d21e11ab4 relative=0x0000000000000f74
Event: 27.236 Thread 0x0000022d7b270d40 Uncommon trap: reason=unstable_if action=reinterpret pc=0x0000022d21e11ab4 method=org.eclipse.jdt.internal.core.index.DiskIndex.addQueryResults([[C[CILorg/eclipse/jdt/internal/core/index/MemoryIndex;)Lorg/eclipse/jdt/internal/compiler/util/HashtableOfObje
Event: 27.236 Thread 0x0000022d7b270d40 DEOPT PACKING pc=0x0000022d21e11ab4 sp=0x0000008087ffec70
Event: 27.236 Thread 0x0000022d7b270d40 DEOPT UNPACKING pc=0x0000022d20ee6da2 sp=0x0000008087ffebf0 mode 2

Classes loaded (20 events):
Event: 26.825 Loading class java/util/Collections$SynchronizedList done
Event: 26.825 Loading class java/util/Collections$SynchronizedRandomAccessList done
Event: 26.835 Loading class java/util/concurrent/CompletableFuture$UniApply
Event: 26.835 Loading class java/util/concurrent/CompletableFuture$UniCompletion
Event: 26.835 Loading class java/util/concurrent/CompletableFuture$UniCompletion done
Event: 26.835 Loading class java/util/concurrent/CompletableFuture$UniApply done
Event: 26.836 Loading class java/util/concurrent/CompletableFuture$UniAccept
Event: 26.836 Loading class java/util/concurrent/CompletableFuture$UniAccept done
Event: 26.836 Loading class java/util/concurrent/CompletableFuture$UniExceptionally
Event: 26.836 Loading class java/util/concurrent/CompletableFuture$UniExceptionally done
Event: 26.837 Loading class java/util/Hashtable$KeySet
Event: 26.837 Loading class java/util/Hashtable$KeySet done
Event: 26.976 Loading class java/util/regex/PatternSyntaxException
Event: 26.976 Loading class java/util/regex/PatternSyntaxException done
Event: 27.147 Loading class java/nio/charset/CharacterCodingException
Event: 27.147 Loading class java/nio/charset/CharacterCodingException done
Event: 27.147 Loading class java/io/SequenceInputStream
Event: 27.147 Loading class java/io/SequenceInputStream done
Event: 27.236 Loading class java/util/concurrent/ForkJoinTask$AdaptedCallable
Event: 27.236 Loading class java/util/concurrent/ForkJoinTask$AdaptedCallable done

Classes unloaded (9 events):
Event: 6.550 Thread 0x0000022d167e2550 Unloading class 0x0000022d2f1b5000 'java/lang/invoke/LambdaForm$MH+0x0000022d2f1b5000'
Event: 6.550 Thread 0x0000022d167e2550 Unloading class 0x0000022d2f1b4c00 'java/lang/invoke/LambdaForm$MH+0x0000022d2f1b4c00'
Event: 6.550 Thread 0x0000022d167e2550 Unloading class 0x0000022d2f1b4800 'java/lang/invoke/LambdaForm$MH+0x0000022d2f1b4800'
Event: 6.550 Thread 0x0000022d167e2550 Unloading class 0x0000022d2f1b4400 'java/lang/invoke/LambdaForm$MH+0x0000022d2f1b4400'
Event: 6.550 Thread 0x0000022d167e2550 Unloading class 0x0000022d2f1b4000 'java/lang/invoke/LambdaForm$BMH+0x0000022d2f1b4000'
Event: 6.550 Thread 0x0000022d167e2550 Unloading class 0x0000022d2f1b3c00 'java/lang/invoke/LambdaForm$DMH+0x0000022d2f1b3c00'
Event: 6.550 Thread 0x0000022d167e2550 Unloading class 0x0000022d2f1b2800 'java/lang/invoke/LambdaForm$DMH+0x0000022d2f1b2800'
Event: 7.995 Thread 0x0000022d167e2550 Unloading class 0x0000022d2f30b000 'java/lang/invoke/LambdaForm$MH+0x0000022d2f30b000'
Event: 7.995 Thread 0x0000022d167e2550 Unloading class 0x0000022d2f30a800 'java/lang/invoke/LambdaForm$MH+0x0000022d2f30a800'

Classes redefined (0 events):
No events

Internal exceptions (20 events):
Event: 27.086 Thread 0x0000022d6f6e8780 Exception <a 'sun/nio/fs/WindowsException'{0x00000000d57bf8e0}> (0x00000000d57bf8e0) 
thrown [s\src\hotspot\share\prims\jni.cpp, line 520]
Event: 27.086 Thread 0x0000022d6f6e8780 Exception <a 'sun/nio/fs/WindowsException'{0x00000000d57bfff8}> (0x00000000d57bfff8) 
thrown [s\src\hotspot\share\prims\jni.cpp, line 520]
Event: 27.087 Thread 0x0000022d6f6e8780 Exception <a 'sun/nio/fs/WindowsException'{0x00000000d57c0d38}> (0x00000000d57c0d38) 
thrown [s\src\hotspot\share\prims\jni.cpp, line 520]
Event: 27.087 Thread 0x0000022d6f6e8780 Exception <a 'sun/nio/fs/WindowsException'{0x00000000d57c1450}> (0x00000000d57c1450) 
thrown [s\src\hotspot\share\prims\jni.cpp, line 520]
Event: 27.093 Thread 0x0000022d6f6e8780 Exception <a 'sun/nio/fs/WindowsException'{0x00000000d57f83f0}> (0x00000000d57f83f0) 
thrown [s\src\hotspot\share\prims\jni.cpp, line 520]
Event: 27.093 Thread 0x0000022d6f6e8780 Exception <a 'sun/nio/fs/WindowsException'{0x00000000d57f8b08}> (0x00000000d57f8b08) 
thrown [s\src\hotspot\share\prims\jni.cpp, line 520]
Event: 27.104 Thread 0x0000022d6f6e8780 Exception <a 'sun/nio/fs/WindowsException'{0x00000000d58d2968}> (0x00000000d58d2968) 
thrown [s\src\hotspot\share\prims\jni.cpp, line 520]
Event: 27.105 Thread 0x0000022d6f6e8780 Exception <a 'sun/nio/fs/WindowsException'{0x00000000d58d3080}> (0x00000000d58d3080) 
thrown [s\src\hotspot\share\prims\jni.cpp, line 520]
Event: 27.107 Thread 0x0000022d6f6e8780 Exception <a 'sun/nio/fs/WindowsException'{0x00000000d58d3dc0}> (0x00000000d58d3dc0) 
thrown [s\src\hotspot\share\prims\jni.cpp, line 520]
Event: 27.107 Thread 0x0000022d6f6e8780 Exception <a 'sun/nio/fs/WindowsException'{0x00000000d58d44d8}> (0x00000000d58d44d8) 
thrown [s\src\hotspot\share\prims\jni.cpp, line 520]
Event: 27.113 Thread 0x0000022d6f6e8780 Exception <a 'sun/nio/fs/WindowsException'{0x00000000d590b768}> (0x00000000d590b768) 
thrown [s\src\hotspot\share\prims\jni.cpp, line 520]
Event: 27.113 Thread 0x0000022d6f6e8780 Exception <a 'sun/nio/fs/WindowsException'{0x00000000d590be80}> (0x00000000d590be80) 
thrown [s\src\hotspot\share\prims\jni.cpp, line 520]
Event: 27.138 Thread 0x0000022d6f6e38c0 Implicit null exception at 0x0000022d21d8888e to 0x0000022d21d8a594
Event: 27.140 Thread 0x0000022d6f6e8780 Exception <a 'java/lang/NoSuchMethodError'{0x00000000d5620148}: 'java.lang.Object java.lang.invoke.DirectMethodHandle$Holder.invokeStatic(java.lang.Object, java.lang.Object, int, java.lang.Object)'> (0x00000000d5620148) 
thrown [s\src\hotspot\share\interpreter\linkResolver.cpp, line 773]
Event: 27.140 Thread 0x0000022d6f6e8780 Exception <a 'java/lang/NoSuchMethodError'{0x00000000d5626788}: 'java.lang.Object java.lang.invoke.DirectMethodHandle$Holder.newInvokeSpecial(java.lang.Object, java.lang.Object, int)'> (0x00000000d5626788) 
thrown [s\src\hotspot\share\interpreter\linkResolver.cpp, line 773]
Event: 27.159 Thread 0x0000022d6f6e8780 Exception <a 'java/io/FileNotFoundException'{0x00000000d57d9300}> (0x00000000d57d9300) 
thrown [s\src\hotspot\share\prims\jni.cpp, line 520]
Event: 27.159 Thread 0x0000022d6f6e8780 Exception <a 'java/io/FileNotFoundException'{0x00000000d57da068}> (0x00000000d57da068) 
thrown [s\src\hotspot\share\prims\jni.cpp, line 520]
Event: 27.231 Thread 0x0000022d6f6e38c0 Exception <a 'sun/nio/fs/WindowsException'{0x00000000d5611968}> (0x00000000d5611968) 
thrown [s\src\hotspot\share\prims\jni.cpp, line 520]
Event: 27.235 Thread 0x0000022d7b26d8c0 Exception <a 'java/io/FileNotFoundException'{0x00000000d564c488}> (0x00000000d564c488) 
thrown [s\src\hotspot\share\prims\jni.cpp, line 520]
Event: 27.235 Thread 0x0000022d7b26d8c0 Exception <a 'java/io/FileNotFoundException'{0x00000000d564def8}> (0x00000000d564def8) 
thrown [s\src\hotspot\share\prims\jni.cpp, line 520]

ZGC Phase Switch (0 events):
No events

VM Operations (20 events):
Event: 27.047 Executing VM operation: ParallelGCFailedAllocation (Allocation Failure)
Event: 27.048 Executing VM operation: ParallelGCFailedAllocation (Allocation Failure) done
Event: 27.050 Executing VM operation: ParallelGCFailedAllocation (Allocation Failure)
Event: 27.051 Executing VM operation: ParallelGCFailedAllocation (Allocation Failure) done
Event: 27.070 Executing VM operation: ParallelGCFailedAllocation (Allocation Failure)
Event: 27.072 Executing VM operation: ParallelGCFailedAllocation (Allocation Failure) done
Event: 27.134 Executing VM operation: ParallelGCFailedAllocation (Allocation Failure)
Event: 27.135 Executing VM operation: ParallelGCFailedAllocation (Allocation Failure) done
Event: 27.150 Executing VM operation: ParallelGCFailedAllocation (Allocation Failure)
Event: 27.151 Executing VM operation: ParallelGCFailedAllocation (Allocation Failure) done
Event: 27.169 Executing VM operation: ParallelGCFailedAllocation (Allocation Failure)
Event: 27.170 Executing VM operation: ParallelGCFailedAllocation (Allocation Failure) done
Event: 27.175 Executing VM operation: ParallelGCFailedAllocation (Allocation Failure)
Event: 27.177 Executing VM operation: ParallelGCFailedAllocation (Allocation Failure) done
Event: 27.202 Executing VM operation: ParallelGCFailedAllocation (Allocation Failure)
Event: 27.206 Executing VM operation: ParallelGCFailedAllocation (Allocation Failure) done
Event: 27.212 Executing VM operation: ParallelGCFailedAllocation (Allocation Failure)
Event: 27.214 Executing VM operation: ParallelGCFailedAllocation (Allocation Failure) done
Event: 27.250 Executing VM operation: ParallelGCFailedAllocation (Allocation Failure)
Event: 27.252 Executing VM operation: ParallelGCFailedAllocation (Allocation Failure) done

Memory protections (0 events):
No events

Nmethod flushes (20 events):
Event: 8.002 Thread 0x0000022d167e2550 flushing  nmethod 0x0000022d1a1da110
Event: 8.002 Thread 0x0000022d167e2550 flushing  nmethod 0x0000022d1a22c410
Event: 8.002 Thread 0x0000022d167e2550 flushing  nmethod 0x0000022d1a22d110
Event: 8.002 Thread 0x0000022d167e2550 flushing  nmethod 0x0000022d1a278590
Event: 8.002 Thread 0x0000022d167e2550 flushing  nmethod 0x0000022d1a27d490
Event: 8.002 Thread 0x0000022d167e2550 flushing  nmethod 0x0000022d1a27db90
Event: 8.002 Thread 0x0000022d167e2550 flushing  nmethod 0x0000022d1a29ed90
Event: 8.002 Thread 0x0000022d167e2550 flushing  nmethod 0x0000022d1a29f190
Event: 8.002 Thread 0x0000022d167e2550 flushing  nmethod 0x0000022d1a29fa90
Event: 8.002 Thread 0x0000022d167e2550 flushing  nmethod 0x0000022d1a2a0c90
Event: 8.002 Thread 0x0000022d167e2550 flushing  nmethod 0x0000022d1a2a2110
Event: 8.002 Thread 0x0000022d167e2550 flushing  nmethod 0x0000022d1a2a2890
Event: 8.002 Thread 0x0000022d167e2550 flushing  nmethod 0x0000022d1a2a3210
Event: 8.002 Thread 0x0000022d167e2550 flushing  nmethod 0x0000022d1a2a3710
Event: 8.002 Thread 0x0000022d167e2550 flushing  nmethod 0x0000022d1a2a4c10
Event: 8.002 Thread 0x0000022d167e2550 flushing  nmethod 0x0000022d1a2a6010
Event: 8.002 Thread 0x0000022d167e2550 flushing  nmethod 0x0000022d1a2a7a90
Event: 8.002 Thread 0x0000022d167e2550 flushing  nmethod 0x0000022d1a2a9510
Event: 8.002 Thread 0x0000022d167e2550 flushing  nmethod 0x0000022d1a2ec590
Event: 8.002 Thread 0x0000022d167e2550 flushing  nmethod 0x0000022d1a36ce90

Events (20 events):
Event: 26.793 Thread 0x0000022d1690a8c0 Thread added: 0x0000022d7893e3a0
Event: 26.794 Thread 0x0000022d1690a8c0 Thread added: 0x0000022d7893c860
Event: 26.794 Thread 0x0000022d1690a8c0 Thread added: 0x0000022d7893ea70
Event: 26.796 Thread 0x0000022d1690a8c0 Thread added: 0x0000022d7893c190
Event: 26.836 Thread 0x0000022d7b270020 Thread added: 0x0000022d7b270d40
Event: 26.836 Thread 0x0000022d7b270020 Thread added: 0x0000022d7b2720f0
Event: 26.938 Thread 0x0000022d7893c190 Thread added: 0x0000022d7893cf30
Event: 27.236 Thread 0x0000022d7b2720f0 Thread added: 0x0000022d7b272780
Event: 27.236 Thread 0x0000022d7b26d8c0 Thread added: 0x0000022d7b272e10
Event: 27.236 Thread 0x0000022d7b272780 Thread added: 0x0000022d7b2734a0
Event: 27.236 Thread 0x0000022d7b272e10 Thread added: 0x0000022d7b26df50
Event: 27.237 Thread 0x0000022d7b2734a0 Thread added: 0x0000022d75625cb0
Event: 27.237 Thread 0x0000022d7b26df50 Thread added: 0x0000022d75626340
Event: 27.237 Thread 0x0000022d75625cb0 Thread added: 0x0000022d75627060
Event: 27.237 Thread 0x0000022d75627060 Thread added: 0x0000022d756221a0
Event: 27.237 Thread 0x0000022d75626340 Thread added: 0x0000022d756269d0
Event: 27.237 Thread 0x0000022d756269d0 Thread added: 0x0000022d75625620
Event: 27.238 Thread 0x0000022d756221a0 Thread added: 0x0000022d75622830
Event: 27.238 Thread 0x0000022d75625620 Thread added: 0x0000022d75623be0
Event: 27.238 Thread 0x0000022d75623be0 Thread added: 0x0000022d75624270


Dynamic libraries:
0x00007ff69ad90000 - 0x00007ff69ad9e000 	c:\Users\User\.cursor\extensions\redhat.java-1.45.0-win32-x64\jre\21.0.8-win32-x86_64\bin\java.exe
0x00007fff44370000 - 0x00007fff44568000 	C:\Windows\SYSTEM32\ntdll.dll
0x00007fff42e60000 - 0x00007fff42f22000 	C:\Windows\System32\KERNEL32.DLL
0x00007fff41d10000 - 0x00007fff42006000 	C:\Windows\System32\KERNELBASE.dll
0x00007fff3e000000 - 0x00007fff3e094000 	C:\Windows\SYSTEM32\apphelp.dll
0x00007fff41a10000 - 0x00007fff41b10000 	C:\Windows\System32\ucrtbase.dll
0x00007fff190c0000 - 0x00007fff190d8000 	c:\Users\User\.cursor\extensions\redhat.java-1.45.0-win32-x64\jre\21.0.8-win32-x86_64\bin\jli.dll
0x00007fff1c180000 - 0x00007fff1c19e000 	c:\Users\User\.cursor\extensions\redhat.java-1.45.0-win32-x64\jre\21.0.8-win32-x86_64\bin\VCRUNTIME140.dll
0x00007fff42cc0000 - 0x00007fff42e5d000 	C:\Windows\System32\USER32.dll
0x00007fff41bb0000 - 0x00007fff41bd2000 	C:\Windows\System32\win32u.dll
0x00007fff43c80000 - 0x00007fff43cab000 	C:\Windows\System32\GDI32.dll
0x00007fff42170000 - 0x00007fff42289000 	C:\Windows\System32\gdi32full.dll
0x00007fff41b10000 - 0x00007fff41bad000 	C:\Windows\System32\msvcp_win.dll
0x00007fff333c0000 - 0x00007fff3365b000 	C:\Windows\WinSxS\amd64_microsoft.windows.common-controls_6595b64144ccf1df_6.0.19041.6280_none_60bc30a171f2f3f3\COMCTL32.dll
0x00007fff43a70000 - 0x00007fff43b0e000 	C:\Windows\System32\msvcrt.dll
0x00007fff42fc0000 - 0x00007fff42fef000 	C:\Windows\System32\IMM32.DLL
0x00007fff321c0000 - 0x00007fff321cc000 	c:\Users\User\.cursor\extensions\redhat.java-1.45.0-win32-x64\jre\21.0.8-win32-x86_64\bin\vcruntime140_1.dll
0x00007ffed3940000 - 0x00007ffed39cd000 	c:\Users\User\.cursor\extensions\redhat.java-1.45.0-win32-x64\jre\21.0.8-win32-x86_64\bin\msvcp140.dll
0x00007ffeaa9f0000 - 0x00007ffeab787000 	c:\Users\User\.cursor\extensions\redhat.java-1.45.0-win32-x64\jre\21.0.8-win32-x86_64\bin\server\jvm.dll
0x00007fff42ff0000 - 0x00007fff430a1000 	C:\Windows\System32\ADVAPI32.dll
0x00007fff42570000 - 0x00007fff4260f000 	C:\Windows\System32\sechost.dll
0x00007fff430b0000 - 0x00007fff431d0000 	C:\Windows\System32\RPCRT4.dll
0x00007fff41ce0000 - 0x00007fff41d07000 	C:\Windows\System32\bcrypt.dll
0x00007fff428f0000 - 0x00007fff4295b000 	C:\Windows\System32\WS2_32.dll
0x00007fff40fa0000 - 0x00007fff40feb000 	C:\Windows\SYSTEM32\POWRPROF.dll
0x00007fff39630000 - 0x00007fff3963a000 	C:\Windows\SYSTEM32\VERSION.dll
0x00007fff37540000 - 0x00007fff37567000 	C:\Windows\SYSTEM32\WINMM.dll
0x00007fff40e10000 - 0x00007fff40e22000 	C:\Windows\SYSTEM32\UMPDC.dll
0x00007fff40240000 - 0x00007fff40252000 	C:\Windows\SYSTEM32\kernel.appcore.dll
0x00007fff32130000 - 0x00007fff3213a000 	c:\Users\User\.cursor\extensions\redhat.java-1.45.0-win32-x64\jre\21.0.8-win32-x86_64\bin\jimage.dll
0x00007fff3f860000 - 0x00007fff3fa61000 	C:\Windows\SYSTEM32\DBGHELP.DLL
0x00007fff372f0000 - 0x00007fff37324000 	C:\Windows\SYSTEM32\dbgcore.DLL
0x00007fff42290000 - 0x00007fff42312000 	C:\Windows\System32\bcryptPrimitives.dll
0x00007fff23100000 - 0x00007fff2310f000 	c:\Users\User\.cursor\extensions\redhat.java-1.45.0-win32-x64\jre\21.0.8-win32-x86_64\bin\instrument.dll
0x00007fff17e80000 - 0x00007fff17e9f000 	c:\Users\User\.cursor\extensions\redhat.java-1.45.0-win32-x64\jre\21.0.8-win32-x86_64\bin\java.dll
0x00007fff43300000 - 0x00007fff43a70000 	C:\Windows\System32\SHELL32.dll
0x00007fff3fa90000 - 0x00007fff40235000 	C:\Windows\SYSTEM32\windows.storage.dll
0x00007fff42960000 - 0x00007fff42cb3000 	C:\Windows\System32\combase.dll
0x00007fff41440000 - 0x00007fff4146b000 	C:\Windows\SYSTEM32\Wldp.dll
0x00007fff42480000 - 0x00007fff4254d000 	C:\Windows\System32\OLEAUT32.dll
0x00007fff43bd0000 - 0x00007fff43c7d000 	C:\Windows\System32\SHCORE.dll
0x00007fff43b10000 - 0x00007fff43b6b000 	C:\Windows\System32\shlwapi.dll
0x00007fff41940000 - 0x00007fff41964000 	C:\Windows\SYSTEM32\profapi.dll
0x00007fff0faa0000 - 0x00007fff0fab8000 	c:\Users\User\.cursor\extensions\redhat.java-1.45.0-win32-x64\jre\21.0.8-win32-x86_64\bin\zip.dll
0x00007fff28fb0000 - 0x00007fff28fc0000 	C:\Users\User\.cursor\extensions\redhat.java-1.45.0-win32-x64\jre\21.0.8-win32-x86_64\bin\net.dll
0x00007fff3a470000 - 0x00007fff3a57a000 	C:\Windows\SYSTEM32\WINHTTP.dll
0x00007fff411a0000 - 0x00007fff4120a000 	C:\Windows\system32\mswsock.dll
0x00007fff0f770000 - 0x00007fff0f786000 	C:\Users\User\.cursor\extensions\redhat.java-1.45.0-win32-x64\jre\21.0.8-win32-x86_64\bin\nio.dll
0x00007fff1bd20000 - 0x00007fff1bd30000 	c:\Users\User\.cursor\extensions\redhat.java-1.45.0-win32-x64\jre\21.0.8-win32-x86_64\bin\verify.dll
0x00007fff0d620000 - 0x00007fff0d664000 	C:\Users\User\AppData\Roaming\Cursor\User\globalStorage\redhat.java\1.45.0\config_win\org.eclipse.equinox.launcher\org.eclipse.equinox.launcher.win32.win32.x86_64_1.2.1400.v20250801-0854\eclipse_11916.dll
0x00007fff431d0000 - 0x00007fff432fb000 	C:\Windows\System32\ole32.dll
0x00007fff41390000 - 0x00007fff413a8000 	C:\Windows\SYSTEM32\CRYPTSP.dll
0x00007fff40a50000 - 0x00007fff40a88000 	C:\Windows\system32\rsaenh.dll
0x00007fff41900000 - 0x00007fff4192e000 	C:\Windows\SYSTEM32\USERENV.dll
0x00007fff413b0000 - 0x00007fff413bc000 	C:\Windows\SYSTEM32\CRYPTBASE.dll
0x00007fff40e30000 - 0x00007fff40e6b000 	C:\Windows\SYSTEM32\IPHLPAPI.DLL
0x00007fff428e0000 - 0x00007fff428e8000 	C:\Windows\System32\NSI.dll
0x00007fff04150000 - 0x00007fff04199000 	C:\Users\User\AppData\Local\Temp\jna-2645995\jna15675503618395962790.dll
0x00007fff42550000 - 0x00007fff42558000 	C:\Windows\System32\PSAPI.DLL
0x00007fff3c4d0000 - 0x00007fff3c4e7000 	C:\Windows\SYSTEM32\dhcpcsvc6.DLL
0x00007fff3c4b0000 - 0x00007fff3c4cd000 	C:\Windows\SYSTEM32\dhcpcsvc.DLL
0x00007fff1bd00000 - 0x00007fff1bd0e000 	C:\Users\User\.cursor\extensions\redhat.java-1.45.0-win32-x64\jre\21.0.8-win32-x86_64\bin\sunmscapi.dll
0x00007fff42010000 - 0x00007fff4216d000 	C:\Windows\System32\CRYPT32.dll
0x00007fff414b0000 - 0x00007fff414d7000 	C:\Windows\SYSTEM32\ncrypt.dll
0x00007fff41470000 - 0x00007fff414ab000 	C:\Windows\SYSTEM32\NTASN1.dll
0x00007fff40e80000 - 0x00007fff40f4a000 	C:\Windows\SYSTEM32\DNSAPI.dll
0x00007fff39990000 - 0x00007fff3999a000 	C:\Windows\System32\rasadhlp.dll
0x00007fff39730000 - 0x00007fff397b0000 	C:\Windows\System32\fwpuclnt.dll
0x00007fff1ba70000 - 0x00007fff1ba79000 	C:\Users\User\.cursor\extensions\redhat.java-1.45.0-win32-x64\jre\21.0.8-win32-x86_64\bin\extnet.dll

JVMTI agents:
c:\Users\User\.cursor\extensions\redhat.java-1.45.0-win32-x64\lombok\lombok-1.18.39-4050.jar path:c:\Users\User\.cursor\extensions\redhat.java-1.45.0-win32-x64\jre\21.0.8-win32-x86_64\bin\instrument.dll, loaded, initialized, instrumentlib options:none

dbghelp: loaded successfully - version: 4.0.5 - missing functions: none
symbol engine: initialized successfully - sym options: 0x614 - pdb path: .;c:\Users\User\.cursor\extensions\redhat.java-1.45.0-win32-x64\jre\21.0.8-win32-x86_64\bin;C:\Windows\SYSTEM32;C:\Windows\WinSxS\amd64_microsoft.windows.common-controls_6595b64144ccf1df_6.0.19041.6280_none_60bc30a171f2f3f3;c:\Users\User\.cursor\extensions\redhat.java-1.45.0-win32-x64\jre\21.0.8-win32-x86_64\bin\server;C:\Users\User\AppData\Roaming\Cursor\User\globalStorage\redhat.java\1.45.0\config_win\org.eclipse.equinox.launcher\org.eclipse.equinox.launcher.win32.win32.x86_64_1.2.1400.v20250801-0854;C:\Users\User\AppData\Local\Temp\jna-2645995

VM Arguments:
jvm_args: --add-modules=ALL-SYSTEM --add-opens=java.base/java.util=ALL-UNNAMED --add-opens=java.base/java.lang=ALL-UNNAMED --add-opens=java.base/sun.nio.fs=ALL-UNNAMED -Declipse.application=org.eclipse.jdt.ls.core.id1 -Dosgi.bundles.defaultStartLevel=4 -Declipse.product=org.eclipse.jdt.ls.core.product -Djava.import.generatesMetadataFilesAtProjectRoot=false -DDetectVMInstallationsJob.disabled=true -Dfile.encoding=utf8 -XX:+UseParallelGC -XX:GCTimeRatio=4 -XX:AdaptiveSizePolicyWeight=90 -Dsun.zip.disableMemoryMapping=true -Xmx2G -Xms100m -Xlog:disable -javaagent:c:\Users\User\.cursor\extensions\redhat.java-1.45.0-win32-x64\lombok\lombok-1.18.39-4050.jar -XX:+HeapDumpOnOutOfMemoryError -XX:HeapDumpPath=c:\Users\User\AppData\Roaming\Cursor\User\workspaceStorage\943df05daec78a9101ec016d72564860\redhat.java -Daether.dependencyCollector.impl=bf 
java_command: c:\Users\User\.cursor\extensions\redhat.java-1.45.0-win32-x64\server\plugins\org.eclipse.equinox.launcher_1.7.0.v20250519-0528.jar -configuration c:\Users\User\AppData\Roaming\Cursor\User\globalStorage\redhat.java\1.45.0\config_win -data c:\Users\User\AppData\Roaming\Cursor\User\workspaceStorage\943df05daec78a9101ec016d72564860\redhat.java\jdt_ws --pipe=\\.\pipe\lsp-a1fb85e961d60baa1b0eab1f32abcc8b-sock
java_class_path (initial): c:\Users\User\.cursor\extensions\redhat.java-1.45.0-win32-x64\server\plugins\org.eclipse.equinox.launcher_1.7.0.v20250519-0528.jar
Launcher Type: SUN_STANDARD

[Global flags]
    uintx AdaptiveSizePolicyWeight                 = 90                                        {product} {command line}
     intx CICompilerCount                          = 12                                        {product} {ergonomic}
    uintx GCTimeRatio                              = 4                                         {product} {command line}
     bool HeapDumpOnOutOfMemoryError               = true                                   {manageable} {command line}
    ccstr HeapDumpPath                             = c:\Users\User\AppData\Roaming\Cursor\User\workspaceStorage\943df05daec78a9101ec016d72564860\redhat.java         {manageable} {command line}
   size_t InitialHeapSize                          = 104857600                                 {product} {command line}
   size_t MaxHeapSize                              = 2147483648                                {product} {command line}
   size_t MaxNewSize                               = 715653120                                 {product} {ergonomic}
   size_t MinHeapDeltaBytes                        = 524288                                    {product} {ergonomic}
   size_t MinHeapSize                              = 104857600                                 {product} {command line}
   size_t NewSize                                  = 34603008                                  {product} {ergonomic}
    uintx NonNMethodCodeHeapSize                   = 7602480                                {pd product} {ergonomic}
    uintx NonProfiledCodeHeapSize                  = 122027880                              {pd product} {ergonomic}
   size_t OldSize                                  = 70254592                                  {product} {ergonomic}
    uintx ProfiledCodeHeapSize                     = 122027880                              {pd product} {ergonomic}
    uintx ReservedCodeCacheSize                    = 251658240                              {pd product} {ergonomic}
     bool SegmentedCodeCache                       = true                                      {product} {ergonomic}
   size_t SoftMaxHeapSize                          = 2147483648                             {manageable} {ergonomic}
     bool UseCompressedOops                        = true                           {product lp64_product} {ergonomic}
     bool UseLargePagesIndividualAllocation        = false                                  {pd product} {ergonomic}
     bool UseParallelGC                            = true                                      {product} {command line}

Logging:
Log output configuration:
 #0: stdout all=off uptime,level,tags foldmultilines=false
 #1: stderr all=off uptime,level,tags foldmultilines=false

Environment Variables:
JAVA_HOME=C:\Program Files\Eclipse Adoptium\jdk-21.0.7.6-hotspot\
PATH=C:\Python313\Scripts\;C:\Python313\;C:\Program Files\Eclipse Adoptium\jdk-21.0.7.6-hotspot\bin;C:\Program Files\Eclipse Adoptium\jdk-17.0.15.6-hotspot\bin;C:\Program Files (x86)\Common Files\Oracle\Java\java8path;C:\Program Files (x86)\Common Files\Oracle\Java\javapath;c:\Users\User\AppData\Local\Programs\cursor\resources\app\bin;C:\Windows\system32;C:\Windows;C:\Windows\System32\Wbem;C:\Windows\System32\WindowsPowerShell\v1.0\;C:\Windows\System32\OpenSSH\;C:\Program Files (x86)\NVIDIA Corporation\PhysX\Common;C:\WINDOWS\system32;C:\WINDOWS;C:\WINDOWS\System32\Wbem;C:\WINDOWS\System32\WindowsPowerShell\v1.0\;C:\WINDOWS\System32\OpenSSH\;C:\Users\User\AppData\Local\Microsoft\WindowsApps;c:\Users\User\AppData\Local\Programs\cursor\resources\app\bin;C:\Program Files\Git\cmd;C:\Program Files\Git\bin;C:\Program Files\dotnet\;C:\Program Files\MongoDB\Server\7.0\bin;C:\Program Files\MongoDB\mongosh-2.3.1-win32-x64\bin;C:\Program Files\Tailscale\;C:\Program Files\NVIDIA Corporation\NVIDIA App\NvDLISR;C:\Program Files\nodejs\;C:\ProgramData\chocolatey\bin;C:\Users\User\AppData\Local\Microsoft\WindowsApps;C:\Users\User\.dotnet\tools;C:\Users\User\AppData\Local\Programs\cursor\resources\app\bin;C:\Users\User\AppData\Roaming\npm
USERNAME=User
OS=Windows_NT
PROCESSOR_IDENTIFIER=AMD64 Family 25 Model 97 Stepping 2, AuthenticAMD
TMP=C:\Users\User\AppData\Local\Temp
TEMP=C:\Users\User\AppData\Local\Temp




Periodic native trim disabled

---------------  S Y S T E M  ---------------

OS:
 Windows 10 , 64 bit Build 19041 (10.0.19041.5915)
OS uptime: 1 days 22:59 hours

CPU: total 16 (initial active 16) (16 cores per cpu, 2 threads per core) family 25 model 97 stepping 2 microcode 0x0, cx8, cmov, fxsr, ht, mmx, 3dnowpref, sse, sse2, sse3, ssse3, sse4a, sse4.1, sse4.2, popcnt, lzcnt, tsc, tscinvbit, avx, avx2, aes, erms, clmul, bmi1, bmi2, adx, avx512f, avx512dq, avx512cd, avx512bw, avx512vl, sha, fma, vzeroupper, avx512_vpopcntdq, avx512_vpclmulqdq, avx512_vaes, avx512_vnni, clflush, clflushopt, avx512_vbmi2, avx512_vbmi, rdtscp, rdpid, fsrm, gfni, avx512_bitalg, f16c, pku, cet_ss, avx512_ifma
Processor Information for the first 16 processors :
  Max Mhz: 4501, Current Mhz: 4501, Mhz Limit: 4501

Memory: 4k page, system-wide physical 31894M (18259M free)
TotalPageFile size 33942M (AvailPageFile size 17669M)
current process WorkingSet (physical memory assigned to process): 918M, peak: 934M
current process commit charge ("private bytes"): 891M, peak: 912M

vm_info: OpenJDK 64-Bit Server VM (21.0.8+9-LTS) for windows-amd64 JRE (21.0.8+9-LTS), built on 2025-07-15T00:00:00Z by "admin" with MS VC++ 17.7 (VS2022)

END.
